SF:lib\src\features\bookcase\bloc\bookcase_state.dart
DA:10,1
DA:18,1
LF:2
LH:2
end_of_record
SF:lib\src\features\bookcase\bloc\bookcase_bloc.dart
DA:16,1
DA:19,2
DA:20,2
DA:23,1
DA:28,2
DA:30,2
DA:32,1
DA:33,2
DA:37,1
DA:38,1
DA:39,4
DA:40,1
DA:41,3
DA:45,1
DA:49,1
DA:51,2
DA:52,1
DA:53,1
DA:54,3
DA:59,2
DA:60,1
DA:66,2
DA:69,1
DA:74,1
DA:76,2
LF:25
LH:25
end_of_record
SF:lib\src\shared\errors\local_database_exception\local_database_exception.dart
DA:4,13
DA:6,1
DA:7,1
LF:3
LH:3
end_of_record
SF:lib\src\shared\models\bookcase_model.dart
DA:9,4
DA:16,3
DA:18,2
DA:24,2
DA:25,1
DA:26,2
DA:27,2
DA:28,1
DA:32,1
DA:33,1
DA:34,1
DA:35,1
DA:36,1
DA:37,1
DA:41,1
DA:42,1
DA:43,1
DA:44,1
DA:45,1
DA:46,2
DA:50,0
DA:52,0
DA:54,2
DA:58,3
DA:59,3
DA:60,3
DA:61,3
DA:64,0
DA:66,0
LF:29
LH:25
end_of_record
SF:lib\src\shared\dtos\bookcase_dto.dart
DA:9,1
DA:14,0
DA:18,0
DA:19,0
DA:20,0
DA:25,0
DA:26,0
DA:28,0
DA:33,0
DA:34,0
DA:37,0
DA:38,0
LF:12
LH:1
end_of_record
SF:lib\src\shared\models\author_model.dart
DA:5,8
DA:10,1
DA:15,1
DA:18,0
DA:21,0
DA:22,0
DA:24,0
DA:28,0
DA:29,0
DA:30,0
DA:34,2
DA:35,2
DA:36,2
DA:37,2
DA:41,2
DA:42,2
DA:43,4
DA:44,2
DA:48,0
DA:51,0
DA:52,0
DA:53,0
LF:22
LH:11
end_of_record
SF:lib\src\shared\models\book_model.dart
DA:9,2
DA:11,2
DA:12,2
DA:13,0
DA:17,1
DA:19,1
DA:21,0
DA:23,0
DA:45,8
DA:60,1
DA:74,1
DA:75,1
DA:76,1
DA:77,0
DA:78,1
DA:79,1
DA:80,0
DA:81,1
DA:82,1
DA:83,1
DA:84,1
DA:85,1
DA:86,1
DA:90,1
DA:92,3
DA:93,3
DA:94,3
DA:95,3
DA:96,3
DA:97,3
DA:98,3
DA:99,3
DA:100,3
DA:101,3
DA:102,2
DA:105,3
DA:109,1
DA:110,3
DA:111,0
DA:112,0
DA:113,0
DA:114,0
DA:115,0
DA:116,0
DA:117,0
DA:118,0
DA:119,0
DA:120,0
DA:123,2
DA:124,2
DA:125,2
DA:126,2
DA:127,2
DA:128,2
DA:129,2
DA:130,2
DA:131,2
DA:132,2
DA:133,2
DA:134,2
DA:138,1
DA:139,1
DA:140,1
DA:141,1
DA:142,1
DA:143,3
DA:144,0
DA:147,1
DA:148,1
DA:149,1
DA:150,3
DA:151,0
DA:154,1
DA:155,1
DA:156,1
DA:157,1
DA:158,1
DA:159,2
DA:163,0
DA:166,0
DA:167,0
DA:168,0
DA:169,0
DA:170,0
DA:171,0
DA:172,0
DA:173,0
DA:174,0
DA:175,0
DA:176,0
DA:177,0
DA:178,0
LF:92
LH:61
end_of_record
SF:lib\src\shared\models\category_model.dart
DA:5,8
DA:10,1
DA:15,1
DA:18,0
DA:21,0
DA:22,0
DA:24,0
DA:28,0
DA:29,0
DA:30,0
DA:34,2
DA:35,2
DA:36,2
DA:37,2
DA:41,2
DA:42,2
DA:43,4
DA:44,2
DA:48,0
DA:51,0
DA:52,0
DA:53,0
LF:22
LH:11
end_of_record
SF:lib\src\features\bookcase_detail\bloc\bookcase_detail_bloc.dart
DA:16,1
DA:19,2
DA:20,2
DA:21,2
DA:24,1
DA:27,2
DA:29,1
DA:30,2
DA:32,1
DA:33,2
DA:37,1
DA:39,2
DA:40,2
DA:41,1
DA:44,1
DA:47,2
DA:48,1
DA:49,1
DA:50,1
DA:51,2
DA:54,1
DA:55,1
DA:56,1
DA:61,1
DA:64,2
DA:67,3
DA:69,2
DA:70,2
DA:74,2
DA:75,1
DA:76,1
DA:77,1
DA:78,2
DA:81,1
DA:82,1
DA:83,1
LF:36
LH:36
end_of_record
SF:lib\src\features\bookcase_detail\bloc\bookcase_detail_event.dart
DA:9,1
DA:15,1
LF:2
LH:2
end_of_record
SF:lib\src\features\bookcase_detail\bloc\bookcase_detail_state.dart
DA:13,1
DA:21,1
LF:2
LH:2
end_of_record
SF:lib\src\features\bookcase_insertion\bloc\bookcase_insertion_event.dart
DA:11,1
DA:24,1
LF:2
LH:2
end_of_record
SF:lib\src\features\bookcase_insertion\bloc\bookcase_insertion_bloc.dart
DA:14,1
DA:16,2
DA:17,2
DA:18,2
DA:21,1
DA:26,2
DA:28,1
DA:29,1
DA:30,1
DA:31,1
DA:35,2
DA:37,1
DA:38,2
DA:43,2
DA:45,1
DA:46,2
DA:47,2
DA:48,1
DA:49,2
DA:50,1
DA:54,1
DA:59,2
DA:61,1
DA:62,1
DA:63,1
DA:64,1
DA:65,1
DA:69,2
DA:71,1
DA:72,1
DA:73,1
DA:80,2
DA:82,1
DA:83,2
DA:84,2
DA:85,1
DA:86,2
DA:87,1
LF:38
LH:38
end_of_record
SF:lib\src\features\bookcase_insertion\bloc\bookcase_insertion_state.dart
DA:11,1
DA:17,1
LF:2
LH:2
end_of_record
SF:lib\src\features\book_detail\bloc\book_detail_event.dart
DA:8,1
DA:16,1
DA:24,1
LF:3
LH:3
end_of_record
SF:lib\src\features\book_detail\bloc\book_detail_state.dart
DA:10,1
DA:18,1
LF:2
LH:2
end_of_record
SF:lib\src\features\book_detail\bloc\book_detail_bloc.dart
DA:13,1
DA:15,2
DA:16,2
DA:17,2
DA:18,2
DA:21,1
DA:26,2
DA:29,3
DA:31,2
DA:32,1
DA:33,2
DA:34,2
DA:37,2
DA:38,2
DA:43,1
DA:48,2
DA:51,3
DA:53,1
DA:54,1
DA:55,1
DA:59,2
DA:60,1
DA:61,2
DA:62,2
DA:65,2
DA:66,2
DA:71,1
DA:76,2
DA:78,3
DA:80,1
DA:81,2
DA:85,2
DA:86,1
DA:87,2
DA:88,2
DA:91,2
DA:92,2
DA:97,2
LF:38
LH:38
end_of_record
SF:lib\src\shared\blocs\book_bloc\book_event.dart
DA:10,1
DA:18,1
DA:26,1
DA:34,1
DA:42,1
LF:5
LH:5
end_of_record
SF:lib\src\shared\blocs\book_bloc\book_state.dart
DA:12,1
DA:20,1
LF:2
LH:2
end_of_record
SF:lib\src\shared\blocs\book_bloc\book_bloc.dart
DA:18,3
DA:19,2
DA:20,2
DA:21,2
DA:22,2
DA:23,2
DA:24,2
DA:27,1
DA:32,2
DA:34,1
DA:35,0
DA:36,0
DA:40,2
DA:42,1
DA:43,2
DA:47,1
DA:48,2
DA:49,1
DA:50,0
DA:52,3
DA:56,1
DA:61,2
DA:63,3
DA:65,1
DA:66,2
DA:69,2
DA:70,1
DA:71,0
DA:73,3
DA:77,1
DA:82,2
DA:85,3
DA:87,1
DA:88,2
DA:92,2
DA:93,1
DA:94,0
DA:96,3
DA:100,1
DA:105,2
DA:108,3
DA:110,1
DA:111,2
DA:115,2
DA:116,1
DA:117,0
DA:119,3
DA:123,1
DA:128,2
DA:130,2
DA:131,1
DA:133,1
DA:134,2
DA:138,2
DA:139,1
DA:140,0
DA:142,3
DA:146,1
DA:151,2
DA:153,1
DA:154,2
DA:156,2
DA:160,2
DA:162,1
DA:163,2
DA:167,2
DA:168,0
DA:169,0
DA:171,0
DA:175,1
DA:177,2
DA:178,1
LF:72
LH:62
end_of_record
SF:lib\src\shared\errors\book_exception\book_exception.dart
DA:4,2
DA:6,1
DA:8,2
DA:13,1
DA:15,0
DA:17,0
LF:6
LH:4
end_of_record
SF:lib\src\shared\repositories\google_book_repository\google_books_repository_impl.dart
DA:17,1
DA:19,1
DA:21,1
DA:22,1
DA:26,1
DA:28,1
DA:29,1
DA:33,1
DA:36,1
DA:37,1
DA:41,1
DA:44,1
DA:45,1
DA:49,1
DA:51,1
DA:52,1
DA:56,1
DA:59,1
DA:63,0
DA:65,0
DA:68,1
DA:70,2
DA:71,1
DA:72,3
DA:73,1
DA:76,1
DA:77,1
DA:78,1
DA:80,1
DA:82,1
DA:85,2
LF:31
LH:29
end_of_record
SF:lib\src\shared\adapters\google_books_adapter.dart
DA:10,1
DA:11,1
DA:12,1
DA:13,2
DA:15,3
DA:16,3
DA:17,1
DA:18,2
DA:19,2
DA:20,1
DA:21,3
DA:22,3
DA:23,1
DA:24,2
DA:25,3
DA:27,2
DA:29,3
DA:30,2
LF:18
LH:18
end_of_record
SF:lib\src\shared\utils\verifier\isbn_verifier.dart
DA:5,9
DA:10,6
DA:12,2
DA:13,2
DA:15,6
DA:16,4
DA:18,4
DA:25,2
DA:26,4
DA:30,2
DA:31,1
DA:32,2
DA:33,1
DA:34,1
DA:35,1
DA:38,2
DA:45,2
DA:46,4
DA:50,4
DA:51,2
DA:52,4
DA:54,2
DA:57,4
LF:23
LH:23
end_of_record
SF:lib\src\features\qr_code_scanner\views\qr_code_scanner_page.dart
DA:8,1
DA:10,1
DA:11,1
DA:17,1
DA:19,1
DA:22,2
DA:28,1
DA:31,2
DA:38,1
DA:41,1
DA:42,1
DA:45,1
DA:52,1
DA:64,1
DA:65,1
DA:66,1
DA:67,1
DA:68,1
DA:69,3
DA:70,1
DA:82,1
DA:83,1
DA:84,1
DA:86,0
DA:87,0
DA:89,1
DA:91,1
DA:92,1
DA:95,1
DA:98,1
DA:100,1
DA:102,1
DA:103,1
DA:104,1
DA:105,2
DA:106,2
LF:36
LH:34
end_of_record
SF:lib\src\features\qr_code_scanner\widgets\isbn_manually_textformfield_widget.dart
DA:11,1
DA:16,1
DA:18,1
DA:28,1
DA:30,2
DA:31,1
DA:34,1
DA:36,2
DA:38,1
DA:39,1
DA:41,1
DA:42,2
DA:44,1
DA:45,1
DA:47,1
DA:48,1
DA:51,1
DA:52,2
DA:53,2
DA:54,1
DA:55,1
DA:56,1
DA:65,2
DA:66,1
DA:69,1
DA:70,1
DA:85,1
DA:87,1
DA:89,1
DA:90,3
DA:91,5
LF:31
LH:31
end_of_record
SF:lib\src\features\qr_code_scanner\widgets\qr_code_scanner_widget.dart
DA:7,1
DA:12,1
DA:13,1
DA:19,1
DA:21,1
DA:23,2
DA:24,1
DA:33,1
DA:35,2
DA:36,1
DA:39,1
DA:41,3
DA:42,3
DA:43,3
DA:45,1
DA:48,1
DA:49,0
DA:50,0
DA:52,1
DA:57,0
DA:58,0
DA:60,0
DA:61,0
DA:62,0
DA:66,1
DA:69,1
DA:70,1
LF:27
LH:20
end_of_record
SF:lib\src\shared\constants\icons\bookify_icons.dart
DA:12,0
LF:1
LH:0
end_of_record
SF:lib\src\shared\helpers\form\form_helper.dart
DA:3,0
DA:6,3
LF:2
LH:1
end_of_record
SF:lib\src\shared\utils\input_formatter\isbn_input_formatter.dart
DA:8,1
DA:9,1
DA:11,1
DA:12,1
DA:13,1
DA:17,1
DA:22,1
DA:23,2
DA:26,3
DA:27,2
DA:28,0
DA:31,2
DA:32,1
DA:35,1
LF:14
LH:13
end_of_record
SF:lib\src\shared\widgets\buttons\bookify_outlined_button.dart
DA:9,0
DA:17,1
DA:25,1
DA:27,1
DA:29,1
DA:30,3
DA:31,1
DA:32,1
DA:33,1
DA:34,2
DA:35,2
DA:37,0
DA:38,0
DA:39,0
LF:14
LH:10
end_of_record
SF:lib\src\shared\constants\database_scripts\database_scripts.dart
DA:2,0
DA:5,2
DA:6,2
DA:7,2
DA:8,2
DA:9,2
DA:10,1
DA:11,1
DA:12,2
DA:13,2
DA:17,1
DA:20,1
DA:23,1
DA:26,1
DA:29,1
DA:33,1
DA:40,1
DA:43,1
DA:46,1
LF:19
LH:18
end_of_record
SF:lib\src\shared\database\local_database.dart
DA:5,0
DA:7,0
DA:9,0
LF:3
LH:0
end_of_record
SF:lib\src\shared\repositories\author_repository\authors_repository_impl.dart
DA:12,1
DA:14,1
DA:17,2
DA:18,1
DA:23,1
DA:25,1
DA:26,1
DA:27,0
DA:34,1
DA:37,2
DA:38,1
DA:43,1
DA:44,2
DA:48,1
DA:49,1
DA:50,1
DA:51,0
DA:56,1
DA:59,2
DA:60,1
DA:61,1
DA:64,1
DA:69,1
DA:72,2
DA:73,1
DA:79,1
LF:26
LH:24
end_of_record
SF:lib\src\shared\repositories\bookcase_repository\bookcase_repository_impl.dart
DA:12,1
DA:14,1
DA:17,3
DA:19,3
DA:20,1
DA:23,1
DA:24,1
DA:27,1
DA:32,1
DA:35,2
DA:36,1
DA:40,1
DA:43,1
DA:44,1
DA:47,1
DA:52,1
DA:55,2
DA:56,1
DA:57,1
DA:61,1
DA:66,1
DA:69,2
DA:70,1
DA:71,1
DA:73,1
DA:77,1
DA:82,1
DA:85,2
DA:86,1
DA:92,1
LF:30
LH:30
end_of_record
SF:lib\src\shared\repositories\books_repository\books_repository_impl.dart
DA:12,1
DA:14,1
DA:17,3
DA:18,2
DA:20,1
DA:21,1
DA:22,0
DA:27,1
DA:30,2
DA:31,1
DA:36,1
DA:38,1
DA:39,1
DA:40,0
DA:45,1
DA:48,2
DA:49,1
DA:50,1
DA:53,1
DA:58,1
DA:61,2
DA:62,1
DA:63,1
DA:68,1
DA:70,1
DA:71,1
DA:72,0
DA:77,1
DA:80,2
DA:81,1
DA:86,1
DA:91,1
DA:97,2
DA:98,1
DA:101,2
DA:105,1
DA:110,1
DA:113,2
DA:114,1
DA:119,1
LF:40
LH:37
end_of_record
SF:lib\src\shared\repositories\book_authors_repository\book_authors_repository_impl.dart
DA:11,1
DA:13,1
DA:18,2
DA:19,1
DA:24,2
DA:25,1
DA:29,1
DA:34,1
DA:38,4
DA:44,1
DA:49,1
DA:52,2
DA:53,1
DA:59,1
LF:14
LH:14
end_of_record
SF:lib\src\shared\repositories\book_categories_repository\book_categories_repository_impl.dart
DA:11,1
DA:13,1
DA:18,2
DA:19,1
DA:24,2
DA:25,1
DA:29,1
DA:34,1
DA:38,4
DA:44,1
DA:49,1
DA:52,2
DA:53,1
DA:59,1
LF:14
LH:14
end_of_record
SF:lib\src\shared\repositories\book_on_case_repository\book_on_case_repository_impl.dart
DA:11,1
DA:13,1
DA:18,2
DA:19,1
DA:25,1
DA:30,1
DA:33,2
DA:34,1
DA:35,1
DA:40,1
DA:42,1
DA:43,1
DA:44,1
DA:49,1
DA:53,4
DA:59,1
DA:64,1
DA:67,2
DA:68,1
DA:74,1
LF:20
LH:20
end_of_record
SF:lib\src\shared\repositories\category_repository\categories_repository_impl.dart
DA:12,1
DA:14,1
DA:17,2
DA:18,1
DA:23,1
DA:25,1
DA:26,1
DA:27,0
DA:34,1
DA:37,2
DA:38,1
DA:43,1
DA:44,2
DA:48,1
DA:49,1
DA:50,1
DA:51,0
DA:56,1
DA:59,2
DA:60,1
DA:61,1
DA:65,1
DA:70,1
DA:73,2
DA:74,1
DA:80,1
LF:26
LH:24
end_of_record
SF:lib\src\shared\rest_client\dio_rest_client_impl.dart
DA:18,0
DA:21,0
DA:22,0
DA:23,0
DA:24,0
DA:25,0
DA:27,0
DA:29,0
DA:33,0
DA:37,0
DA:39,0
LF:11
LH:0
end_of_record
SF:lib\src\shared\services\bookcase_service\bookcase_service_impl.dart
DA:11,1
DA:17,1
DA:20,2
DA:22,1
DA:27,1
DA:31,1
DA:32,1
DA:34,1
DA:39,1
DA:42,2
DA:46,1
DA:51,1
DA:55,2
DA:57,1
DA:62,1
DA:66,2
DA:68,1
DA:73,1
DA:79,2
DA:84,1
DA:89,1
DA:92,2
DA:97,1
DA:102,1
DA:105,2
DA:110,1
LF:26
LH:26
end_of_record
SF:lib\src\shared\services\book_service\book_service_impl.dart
DA:21,1
DA:33,1
DA:36,2
DA:38,1
DA:40,1
DA:43,1
DA:48,1
DA:51,2
DA:53,1
DA:55,2
DA:56,2
DA:57,1
DA:60,2
DA:61,2
DA:64,2
DA:65,1
DA:70,1
DA:72,2
DA:73,2
DA:74,1
DA:77,2
DA:79,0
DA:82,2
DA:83,1
DA:89,1
DA:94,1
DA:98,2
DA:100,1
DA:105,1
DA:112,2
DA:114,1
DA:119,1
DA:122,2
DA:124,1
DA:129,1
DA:132,2
DA:134,1
DA:139,1
DA:141,2
DA:144,3
DA:145,1
DA:147,1
DA:148,2
DA:149,2
DA:150,1
DA:154,2
DA:157,3
DA:158,1
DA:160,1
DA:161,2
DA:162,2
DA:163,1
LF:52
LH:51
end_of_record
