SF:lib\src\shared\blocs\book_bloc\book_state.dart
DA:13,1
DA:21,1
DA:29,1
LF:3
LH:3
end_of_record
SF:lib\src\shared\blocs\book_bloc\book_event.dart
DA:11,1
DA:19,1
DA:27,1
DA:35,1
DA:43,1
LF:5
LH:5
end_of_record
SF:lib\src\shared\blocs\book_bloc\book_bloc.dart
DA:18,3
DA:19,2
DA:20,2
DA:21,2
DA:22,2
DA:23,2
DA:24,2
DA:27,1
DA:28,2
DA:31,2
DA:32,1
DA:33,2
DA:37,2
DA:38,1
DA:39,0
DA:41,3
DA:45,1
DA:46,2
DA:48,3
DA:50,2
DA:52,3
DA:56,1
DA:57,2
DA:60,3
DA:62,1
DA:63,2
DA:67,2
DA:69,3
DA:73,1
DA:75,2
DA:79,3
DA:81,1
DA:82,2
DA:86,2
DA:88,3
DA:92,1
DA:94,2
DA:98,3
DA:100,1
DA:101,2
DA:105,2
DA:107,3
DA:111,1
DA:112,2
DA:115,3
DA:117,1
DA:118,2
DA:122,2
DA:124,3
DA:128,1
DA:130,2
DA:131,1
LF:52
LH:51
end_of_record
SF:lib\src\shared\errors\book_error\book_error.dart
DA:4,1
DA:6,1
DA:8,2
DA:13,0
DA:15,0
DA:17,0
LF:6
LH:3
end_of_record
SF:lib\src\shared\models\book_model.dart
DA:14,3
DA:28,0
DA:41,0
DA:42,0
DA:43,0
DA:44,0
DA:45,0
DA:46,0
DA:47,0
DA:48,0
DA:49,0
DA:50,0
DA:51,0
DA:52,0
DA:56,1
DA:58,3
DA:59,3
DA:60,3
DA:61,3
DA:62,3
DA:63,3
DA:64,3
DA:65,3
DA:66,3
DA:67,2
DA:70,1
DA:74,1
DA:75,3
DA:76,0
DA:77,0
DA:78,0
DA:79,0
DA:80,0
DA:81,0
DA:82,0
DA:83,0
DA:84,0
LF:37
LH:15
end_of_record
SF:lib\src\shared\repositories\google_books_repository.dart
DA:23,1
DA:25,1
DA:27,1
DA:28,1
DA:32,1
DA:34,1
DA:35,1
DA:36,1
DA:39,1
DA:42,1
DA:43,1
DA:47,1
DA:50,1
DA:51,1
DA:55,1
DA:57,1
DA:58,1
DA:62,1
DA:65,1
DA:69,0
DA:71,0
DA:74,1
DA:76,2
DA:77,1
DA:78,3
DA:79,1
DA:82,0
DA:84,0
DA:86,0
DA:89,0
LF:30
LH:24
end_of_record
SF:lib\src\shared\adapters\google_books_adapter.dart
DA:8,1
DA:9,1
DA:10,1
DA:11,2
DA:13,3
DA:14,2
DA:15,2
DA:16,1
DA:17,3
DA:18,2
DA:19,3
DA:21,2
DA:23,3
DA:24,2
LF:14
LH:14
end_of_record
SF:lib\src\shared\http_client\dio_http_client.dart
DA:11,0
DA:14,0
DA:15,0
DA:16,0
DA:17,0
DA:18,0
DA:20,0
DA:22,0
DA:25,0
DA:29,0
DA:31,0
LF:11
LH:0
end_of_record
