SF:lib/src/core/helpers/color_to_int/color_to_int_extension.dart
DA:6,3
DA:7,9
DA:11,3
DA:12,12
DA:13,12
DA:14,12
DA:15,9
LF:7
LH:7
end_of_record
SF:lib/src/shared/constants/database_scripts/database_scripts.dart
DA:3,0
DA:6,4
DA:7,2
DA:8,2
DA:9,2
DA:10,2
DA:11,2
DA:12,2
DA:13,2
DA:14,2
DA:18,1
DA:21,1
DA:24,1
DA:27,1
DA:30,1
DA:34,1
DA:41,1
DA:44,1
DA:47,1
LF:19
LH:18
end_of_record
SF:lib/src/core/models/author_model.dart
DA:5,9
DA:10,9
DA:15,1
DA:18,0
DA:21,0
DA:22,0
DA:24,0
DA:28,0
DA:29,0
DA:30,0
DA:34,2
DA:35,2
DA:36,2
DA:37,2
DA:41,2
DA:42,2
DA:43,4
DA:44,2
DA:48,0
DA:51,0
DA:52,0
DA:53,0
LF:22
LH:11
end_of_record
SF:lib/src/core/models/book_model.dart
DA:9,2
DA:11,2
DA:12,2
DA:13,0
DA:17,1
DA:19,1
DA:21,0
DA:23,0
DA:45,17
DA:60,3
DA:74,3
DA:75,3
DA:76,3
DA:77,2
DA:78,3
DA:79,3
DA:80,2
DA:81,3
DA:82,3
DA:83,3
DA:84,3
DA:85,3
DA:86,2
DA:90,1
DA:92,3
DA:93,3
DA:94,3
DA:95,3
DA:96,3
DA:97,3
DA:98,3
DA:99,3
DA:100,3
DA:101,3
DA:102,2
DA:105,3
DA:109,1
DA:110,3
DA:111,0
DA:112,0
DA:113,0
DA:114,0
DA:115,0
DA:116,0
DA:117,0
DA:118,0
DA:119,0
DA:120,0
DA:123,2
DA:124,2
DA:125,2
DA:126,2
DA:127,2
DA:128,2
DA:129,2
DA:130,2
DA:131,2
DA:132,2
DA:133,2
DA:134,2
DA:138,1
DA:139,1
DA:140,1
DA:141,1
DA:142,1
DA:143,3
DA:144,0
DA:147,1
DA:148,1
DA:149,1
DA:150,3
DA:151,0
DA:154,1
DA:155,1
DA:156,1
DA:157,1
DA:158,1
DA:159,2
DA:163,0
DA:166,0
DA:167,0
DA:168,0
DA:169,0
DA:170,0
DA:171,0
DA:172,0
DA:173,0
DA:174,0
DA:175,0
DA:176,0
DA:177,0
DA:178,0
LF:92
LH:63
end_of_record
SF:lib/src/core/models/category_model.dart
DA:5,9
DA:10,9
DA:15,1
DA:18,0
DA:21,0
DA:22,0
DA:24,0
DA:28,0
DA:29,0
DA:30,0
DA:34,2
DA:35,2
DA:36,2
DA:37,2
DA:41,2
DA:42,2
DA:43,4
DA:44,2
DA:48,0
DA:51,0
DA:52,0
DA:53,0
LF:22
LH:11
end_of_record
SF:lib/src/core/helpers/date_time_format/date_time_format_extension.dart
DA:14,2
DA:16,3
DA:17,2
DA:31,1
DA:33,2
DA:34,1
LF:6
LH:6
end_of_record
SF:lib/src/core/helpers/locale_decimal_format/locale_decimal_format_extension.dart
DA:12,1
DA:16,1
DA:21,1
LF:3
LH:3
end_of_record
SF:lib/src/core/models/user_page_reading_time_model.dart
DA:4,3
DA:8,0
DA:11,0
DA:12,0
DA:16,1
DA:17,1
DA:21,3
DA:22,1
DA:24,1
DA:30,0
DA:32,0
DA:34,1
DA:38,3
DA:41,0
DA:42,0
LF:15
LH:8
end_of_record
SF:lib/src/core/errors/storage_exception/storage_exception.dart
DA:4,2
DA:6,5
DA:7,5
LF:3
LH:3
end_of_record
SF:lib/src/core/models/user_model.dart
DA:9,2
DA:15,0
DA:20,0
DA:21,0
DA:22,0
DA:23,0
DA:27,1
DA:28,1
DA:29,1
DA:30,1
DA:31,2
DA:35,1
DA:36,1
DA:37,1
DA:38,2
DA:39,2
DA:43,0
DA:45,0
DA:47,2
DA:51,3
DA:52,3
DA:53,3
DA:56,0
DA:57,0
DA:59,3
DA:61,1
DA:62,2
LF:27
LH:18
end_of_record
SF:lib/src/core/repositories/auth_repository/auth_repository_impl.dart
DA:10,1
DA:14,1
DA:17,2
DA:18,1
DA:25,1
DA:28,1
DA:30,1
DA:35,1
DA:38,2
DA:39,1
DA:40,1
DA:43,1
DA:44,1
LF:13
LH:13
end_of_record
SF:lib/src/shared/enums/sign_in_type.dart
DA:6,1
DA:8,1
DA:9,0
DA:10,0
DA:11,0
DA:15,1
DA:17,1
DA:18,0
DA:19,0
LF:9
LH:4
end_of_record
SF:lib/src/core/database/local_database.dart
DA:5,0
DA:7,0
DA:9,0
LF:3
LH:0
end_of_record
SF:lib/src/core/errors/local_database_exception/local_database_exception.dart
DA:4,3
DA:6,1
DA:7,1
LF:3
LH:3
end_of_record
SF:lib/src/core/repositories/author_repository/authors_repository_impl.dart
DA:11,1
DA:13,1
DA:16,2
DA:17,1
DA:22,1
DA:24,1
DA:26,0
DA:33,1
DA:36,2
DA:37,1
DA:42,1
DA:43,1
DA:46,2
DA:48,1
DA:50,0
DA:55,1
DA:58,2
DA:59,1
DA:60,1
DA:63,1
DA:68,1
DA:71,2
DA:72,1
DA:78,1
LF:24
LH:22
end_of_record
SF:lib/src/core/repositories/book_authors_repository/book_authors_repository_impl.dart
DA:10,1
DA:12,1
DA:17,2
DA:18,1
DA:23,2
DA:28,1
DA:33,1
DA:37,4
DA:43,1
DA:48,1
DA:51,2
DA:52,1
DA:58,1
LF:13
LH:13
end_of_record
SF:lib/src/core/repositories/book_categories_repository/book_categories_repository_impl.dart
DA:10,1
DA:12,1
DA:17,2
DA:18,1
DA:23,2
DA:28,1
DA:33,1
DA:37,4
DA:43,1
DA:48,1
DA:51,2
DA:52,1
DA:58,1
LF:13
LH:13
end_of_record
SF:lib/src/core/repositories/book_on_case_repository/book_on_case_repository_impl.dart
DA:10,1
DA:12,1
DA:17,2
DA:18,1
DA:24,1
DA:29,1
DA:32,2
DA:33,1
DA:34,1
DA:39,1
DA:41,1
DA:43,1
DA:48,1
DA:52,4
DA:58,1
DA:63,1
DA:66,2
DA:67,1
DA:73,1
DA:78,1
DA:84,2
DA:85,1
DA:92,1
LF:23
LH:23
end_of_record
SF:lib/src/core/models/bookcase_model.dart
DA:10,2
DA:17,3
DA:19,2
DA:25,2
DA:26,1
DA:27,2
DA:28,2
DA:29,1
DA:33,0
DA:38,0
DA:39,0
DA:40,0
DA:42,0
DA:46,1
DA:47,1
DA:48,1
DA:49,1
DA:50,1
DA:51,1
DA:55,1
DA:56,1
DA:57,1
DA:58,1
DA:59,1
DA:60,2
DA:64,0
DA:66,0
DA:68,2
DA:72,3
DA:73,3
DA:74,3
DA:75,3
DA:78,0
DA:80,0
LF:34
LH:25
end_of_record
SF:lib/src/core/repositories/bookcase_repository/bookcase_repository_impl.dart
DA:11,1
DA:13,1
DA:16,3
DA:17,2
DA:20,1
DA:24,1
DA:29,1
DA:32,2
DA:33,1
DA:37,2
DA:40,1
DA:44,1
DA:49,1
DA:52,2
DA:53,1
DA:57,1
DA:60,1
DA:64,1
DA:69,1
DA:72,2
DA:73,1
DA:77,1
DA:82,1
DA:85,2
DA:86,1
DA:87,1
DA:91,1
DA:96,1
DA:99,2
DA:100,1
DA:101,1
DA:103,1
DA:107,1
DA:112,1
DA:115,2
DA:116,1
DA:122,1
LF:37
LH:37
end_of_record
SF:lib/src/core/repositories/books_repository/books_repository_impl.dart
DA:11,1
DA:13,1
DA:16,3
DA:17,2
DA:19,1
DA:23,1
DA:28,1
DA:31,2
DA:32,1
DA:37,1
DA:39,1
DA:43,1
DA:48,1
DA:51,2
DA:52,1
DA:53,1
DA:56,1
DA:61,1
DA:64,2
DA:65,1
DA:66,1
DA:71,1
DA:73,1
DA:77,1
DA:82,1
DA:85,2
DA:86,1
DA:90,2
DA:93,1
DA:97,1
DA:102,1
DA:105,2
DA:106,1
DA:111,1
DA:116,1
DA:119,2
DA:120,1
DA:121,1
DA:126,2
DA:128,1
DA:132,1
DA:137,1
DA:143,2
DA:144,1
DA:147,2
DA:151,1
DA:156,1
DA:161,2
DA:164,2
DA:165,1
DA:168,1
DA:172,1
DA:177,1
DA:180,2
DA:181,1
DA:185,1
DA:190,1
DA:193,2
DA:194,1
DA:199,1
LF:60
LH:60
end_of_record
SF:lib/src/core/repositories/category_repository/categories_repository_impl.dart
DA:11,1
DA:13,1
DA:16,2
DA:17,1
DA:22,1
DA:24,1
DA:26,0
DA:33,1
DA:36,2
DA:37,1
DA:42,1
DA:43,1
DA:46,2
DA:48,1
DA:50,0
DA:55,1
DA:58,2
DA:59,1
DA:60,1
DA:64,1
DA:69,1
DA:72,2
DA:73,1
DA:79,1
LF:24
LH:22
end_of_record
SF:lib/src/core/models/loan_model.dart
DA:9,5
DA:18,1
DA:19,1
DA:20,1
DA:21,1
DA:22,2
DA:23,2
DA:24,1
DA:25,1
DA:29,1
DA:30,1
DA:31,1
DA:32,1
DA:33,1
DA:34,1
DA:36,1
DA:37,1
DA:39,1
DA:40,1
DA:44,0
DA:46,0
DA:49,1
DA:57,1
DA:58,1
DA:59,1
DA:60,1
DA:61,0
DA:62,1
DA:63,1
DA:67,2
DA:71,6
DA:72,6
DA:73,6
DA:74,6
DA:75,6
DA:76,6
DA:79,0
DA:81,0
DA:82,0
DA:83,0
DA:84,0
DA:85,0
DA:86,0
LF:43
LH:33
end_of_record
SF:lib/src/core/repositories/loan_repository/loan_repository_impl.dart
DA:12,1
DA:14,1
DA:17,2
DA:18,1
DA:22,2
DA:25,1
DA:29,1
DA:34,1
DA:37,2
DA:38,3
DA:39,1
DA:40,1
DA:41,2
DA:42,2
DA:47,2
DA:50,1
DA:54,1
DA:59,1
DA:62,2
DA:63,1
DA:67,1
DA:70,1
DA:74,1
DA:79,1
DA:82,2
DA:83,1
DA:87,1
DA:92,1
DA:95,2
DA:96,1
DA:97,1
DA:101,1
DA:106,1
DA:109,2
DA:110,1
DA:111,1
DA:113,1
DA:117,1
DA:122,1
DA:125,2
DA:126,1
DA:132,1
LF:42
LH:42
end_of_record
SF:lib/src/core/models/reading_model.dart
DA:7,5
DA:14,1
DA:20,1
DA:21,1
DA:22,0
DA:23,1
DA:24,1
DA:28,1
DA:29,1
DA:30,1
DA:31,1
DA:32,2
DA:33,1
DA:37,1
DA:38,1
DA:39,2
DA:40,1
DA:41,1
DA:42,2
DA:44,1
DA:48,0
DA:50,0
DA:53,3
DA:57,6
DA:58,6
DA:59,6
DA:60,6
DA:63,0
DA:65,0
DA:66,0
DA:67,0
DA:68,0
LF:32
LH:24
end_of_record
SF:lib/src/core/repositories/reading_repository/reading_repository_impl.dart
DA:12,1
DA:16,1
DA:19,2
DA:20,1
DA:25,2
DA:28,1
DA:32,1
DA:37,1
DA:42,2
DA:43,3
DA:44,1
DA:45,1
DA:46,2
DA:47,2
DA:53,2
DA:56,1
DA:60,1
DA:65,1
DA:68,2
DA:69,1
DA:74,1
DA:77,1
DA:81,1
DA:86,1
DA:89,2
DA:90,1
DA:94,1
DA:99,1
DA:102,2
DA:103,1
DA:104,1
DA:108,1
DA:113,1
DA:116,2
DA:117,1
DA:118,1
DA:120,1
DA:124,1
DA:129,1
DA:132,2
DA:133,1
DA:139,1
LF:42
LH:42
end_of_record
SF:lib/src/core/enums/repeat_hour_time_type.dart
DA:5,1
DA:7,1
DA:8,0
DA:9,0
DA:13,1
DA:15,1
DA:16,0
LF:7
LH:4
end_of_record
SF:lib/src/core/models/user_hour_time_model.dart
DA:12,1
DA:20,2
DA:22,1
DA:24,4
DA:27,4
DA:30,1
DA:31,1
DA:33,0
DA:37,1
DA:41,0
DA:48,0
DA:49,0
DA:50,0
DA:51,0
DA:52,0
DA:53,0
DA:57,1
DA:58,1
DA:59,2
DA:60,1
DA:61,1
DA:62,1
DA:63,1
DA:67,1
DA:68,1
DA:70,2
DA:71,1
DA:72,1
DA:73,1
DA:74,1
DA:78,3
DA:80,1
DA:81,2
DA:83,0
DA:85,0
DA:88,2
DA:92,3
DA:93,3
DA:94,3
DA:95,3
DA:96,3
DA:99,0
DA:101,0
DA:102,0
DA:103,0
DA:104,0
DA:105,0
LF:47
LH:31
end_of_record
SF:lib/src/core/repositories/user_hour_time_repository/user_hour_time_repository_impl.dart
DA:10,1
DA:14,1
DA:17,2
DA:18,1
DA:25,1
DA:28,1
DA:30,1
DA:35,1
DA:40,2
DA:41,1
DA:42,1
DA:45,1
DA:46,1
LF:13
LH:13
end_of_record
SF:lib/src/core/repositories/user_page_reading_time_repository/user_page_reading_time_repository_impl.dart
DA:11,1
DA:15,1
DA:18,2
DA:19,1
DA:22,1
DA:27,1
DA:30,1
DA:35,1
DA:39,2
DA:40,1
DA:41,1
LF:11
LH:11
end_of_record
SF:lib/src/core/repositories/user_theme_repository/user_theme_repository_impl.dart
DA:10,1
DA:14,1
DA:17,3
DA:20,1
DA:22,0
DA:24,0
DA:29,1
DA:31,1
DA:36,1
DA:39,2
DA:40,1
DA:41,1
DA:44,1
LF:13
LH:11
end_of_record
SF:lib/src/core/errors/book_exception/book_exception.dart
DA:4,1
DA:6,1
DA:8,2
DA:13,1
DA:15,0
DA:17,0
LF:6
LH:4
end_of_record
SF:lib/src/core/repositories/remote_books_repository/remote_books_repository_impl.dart
DA:13,1
DA:15,1
DA:18,2
DA:22,0
DA:24,0
DA:26,0
DA:31,1
DA:34,2
DA:38,0
DA:40,0
DA:42,0
DA:47,1
DA:51,2
DA:55,0
DA:57,0
DA:59,0
DA:64,1
DA:68,2
DA:72,0
DA:74,0
DA:76,0
DA:81,1
DA:84,2
DA:88,0
DA:90,0
DA:92,0
DA:97,1
DA:100,2
DA:102,1
DA:104,1
DA:106,1
LF:31
LH:16
end_of_record
SF:lib/src/core/models/app_version_model.dart
DA:7,1
DA:14,0
DA:20,0
DA:21,0
DA:22,0
DA:23,0
DA:24,0
DA:28,0
DA:30,0
DA:33,0
DA:37,0
DA:38,0
DA:39,0
DA:40,0
DA:43,0
DA:45,0
DA:46,0
DA:47,0
DA:48,0
LF:19
LH:1
end_of_record
SF:lib/src/core/services/app_services/app_version_service/app_version_service_impl.dart
DA:6,0
DA:8,0
DA:10,0
DA:12,0
DA:13,0
DA:14,0
DA:15,0
DA:16,0
LF:8
LH:0
end_of_record
SF:lib/src/core/services/book_service/book_service_impl.dart
DA:21,1
DA:33,1
DA:36,2
DA:38,3
DA:40,3
DA:41,3
DA:48,1
DA:53,1
DA:56,2
DA:58,1
DA:60,1
DA:66,1
DA:71,1
DA:74,2
DA:76,3
DA:78,3
DA:79,3
DA:86,1
DA:91,1
DA:94,2
DA:96,1
DA:98,2
DA:99,2
DA:100,1
DA:103,2
DA:104,2
DA:107,2
DA:108,1
DA:113,1
DA:115,2
DA:116,2
DA:117,1
DA:120,2
DA:122,0
DA:125,2
DA:126,1
DA:132,1
DA:137,1
DA:141,2
DA:143,1
DA:148,1
DA:151,2
DA:153,1
DA:158,1
DA:161,2
DA:163,1
DA:168,1
DA:174,2
DA:179,1
DA:184,1
DA:190,2
DA:195,1
DA:200,1
DA:203,2
DA:205,1
DA:210,1
DA:213,2
DA:215,1
DA:220,1
DA:222,2
DA:225,3
DA:226,1
DA:228,1
DA:229,2
DA:230,2
DA:231,1
DA:235,2
DA:238,3
DA:239,1
DA:241,1
DA:242,2
DA:243,2
DA:244,1
LF:73
LH:72
end_of_record
SF:lib/src/core/services/bookcase_service/bookcase_service_impl.dart
DA:11,1
DA:17,1
DA:20,2
DA:22,1
DA:27,1
DA:30,2
DA:34,1
DA:39,1
DA:43,1
DA:44,1
DA:46,1
DA:51,1
DA:56,2
DA:61,1
DA:66,1
DA:69,2
DA:73,1
DA:78,1
DA:82,2
DA:84,1
DA:89,1
DA:93,2
DA:95,1
DA:100,1
DA:106,2
DA:111,1
DA:116,1
DA:119,2
DA:121,1
DA:126,1
DA:129,2
DA:134,1
DA:139,1
DA:142,2
DA:147,1
DA:152,1
DA:155,2
DA:160,1
LF:38
LH:38
end_of_record
SF:lib/src/core/services/loan_services/loan_service_impl.dart
DA:9,1
DA:11,1
DA:14,2
DA:16,1
DA:21,1
DA:24,2
DA:26,1
DA:31,1
DA:34,2
DA:38,1
DA:43,1
DA:46,2
DA:48,1
DA:53,1
DA:56,2
DA:58,1
DA:63,1
DA:66,2
DA:71,1
DA:76,1
DA:79,2
DA:84,1
LF:22
LH:22
end_of_record
SF:lib/src/core/services/reading_services/reading_service_impl.dart
DA:9,1
DA:11,1
DA:14,2
DA:16,1
DA:21,1
DA:24,2
DA:28,1
DA:33,1
DA:38,2
DA:42,1
DA:47,1
DA:50,2
DA:52,1
DA:57,1
DA:60,2
DA:65,1
DA:70,1
DA:73,2
DA:78,1
DA:83,1
DA:86,2
DA:91,1
LF:22
LH:22
end_of_record
SF:lib/src/core/errors/auth_exception/auth_exception.dart
DA:4,1
DA:6,0
DA:7,0
LF:3
LH:1
end_of_record
SF:lib/src/core/services/auth_service/auth_service_impl.dart
DA:14,1
DA:20,1
DA:23,2
DA:25,1
DA:26,2
DA:31,1
DA:33,1
DA:34,2
DA:35,0
DA:36,0
DA:40,1
DA:43,2
DA:44,1
DA:45,1
DA:47,0
DA:48,0
DA:52,0
DA:55,0
DA:57,0
DA:58,0
DA:59,0
DA:60,0
LF:22
LH:12
end_of_record
SF:lib/src/core/services/auth_service/auth_strategy/auth_strategy_factory.dart
DA:12,0
DA:14,0
DA:15,0
DA:16,0
DA:18,0
DA:19,0
DA:21,0
DA:22,0
DA:23,0
LF:9
LH:0
end_of_record
SF:lib/src/core/services/auth_service/auth_strategy/apple_auth_strategy.dart
DA:15,0
DA:19,0
DA:23,0
DA:24,0
DA:25,0
DA:28,0
DA:29,0
DA:30,0
DA:31,0
DA:34,0
DA:37,0
DA:38,0
DA:40,0
DA:41,0
DA:47,0
DA:48,0
DA:52,0
DA:56,0
DA:57,0
DA:58,0
DA:63,0
DA:64,0
DA:65,0
DA:66,0
DA:70,0
DA:73,0
DA:75,0
DA:76,0
DA:77,0
DA:78,0
LF:30
LH:0
end_of_record
SF:lib/src/core/services/auth_service/auth_strategy/facebook_auth_strategy.dart
DA:16,0
DA:22,0
DA:26,0
DA:27,0
DA:28,0
DA:31,0
DA:32,0
DA:33,0
DA:34,0
DA:37,0
DA:40,0
DA:41,0
DA:43,0
DA:47,0
DA:50,0
DA:51,0
DA:52,0
DA:56,0
DA:57,0
DA:61,0
DA:65,0
DA:66,0
DA:67,0
DA:75,0
DA:76,0
DA:77,0
DA:78,0
DA:82,0
DA:85,0
DA:86,0
DA:88,0
DA:89,0
DA:90,0
DA:91,0
LF:34
LH:0
end_of_record
SF:lib/src/core/services/auth_service/auth_strategy/google_auth_strategy.dart
DA:12,0
DA:18,0
DA:21,0
DA:22,0
DA:27,0
DA:29,0
DA:31,0
DA:32,0
DA:33,0
DA:36,0
DA:40,0
DA:41,0
DA:42,0
DA:47,0
DA:48,0
DA:49,0
DA:50,0
DA:54,0
DA:57,0
DA:58,0
DA:60,0
DA:61,0
DA:62,0
DA:63,0
LF:24
LH:0
end_of_record
SF:lib/src/core/utils/verifier/isbn_verifier.dart
DA:11,9
DA:16,6
DA:25,2
DA:26,2
DA:28,6
DA:29,4
DA:31,4
DA:43,2
DA:44,4
DA:48,2
DA:49,1
DA:50,2
DA:51,1
DA:52,1
DA:53,1
DA:56,2
DA:69,2
DA:70,4
DA:74,4
DA:75,2
DA:76,4
DA:78,2
DA:81,4
LF:23
LH:23
end_of_record
SF:lib/src/core/data_sources/remote_books_data_source/google_books_data_source_impl.dart
DA:16,1
DA:18,1
DA:19,1
DA:21,1
DA:23,2
DA:25,1
DA:27,2
DA:29,1
DA:31,2
DA:33,1
DA:35,2
DA:37,1
DA:39,2
DA:41,1
DA:43,2
DA:47,1
DA:50,1
DA:51,1
DA:52,1
DA:54,1
DA:56,1
DA:59,2
LF:22
LH:22
end_of_record
SF:lib/src/core/adapters/google_books_adapter.dart
DA:12,1
DA:13,1
DA:14,0
DA:16,1
DA:17,3
DA:18,1
DA:23,1
DA:24,1
DA:25,1
DA:26,2
DA:28,3
DA:29,3
DA:30,1
DA:31,2
DA:33,2
DA:34,1
DA:35,3
DA:36,3
DA:37,1
DA:38,2
DA:39,3
DA:41,2
DA:43,3
DA:44,2
LF:24
LH:23
end_of_record
SF:lib/src/shared/cubits/user_theme_cubit/user_theme_cubit.dart
DA:11,1
DA:13,2
DA:15,1
DA:17,2
DA:19,2
DA:22,2
DA:25,1
DA:26,1
DA:31,1
DA:32,1
DA:34,1
DA:35,1
DA:36,1
DA:37,1
DA:40,1
DA:41,1
DA:42,1
DA:43,1
DA:49,1
DA:51,2
DA:53,2
DA:57,1
DA:58,1
DA:59,1
DA:66,1
DA:67,1
DA:69,1
DA:70,1
DA:71,1
DA:72,1
DA:75,1
DA:76,1
DA:77,1
DA:78,1
LF:34
LH:34
end_of_record
SF:lib/src/shared/cubits/user_theme_cubit/user_theme_state.dart
DA:11,1
DA:19,1
LF:2
LH:2
end_of_record
SF:lib/src/shared/blocs/book_bloc/book_event.dart
DA:10,1
DA:18,1
DA:26,1
DA:34,1
DA:42,1
LF:5
LH:5
end_of_record
SF:lib/src/shared/blocs/book_bloc/book_state.dart
DA:12,2
DA:20,2
LF:2
LH:2
end_of_record
SF:lib/src/shared/blocs/book_bloc/book_bloc.dart
DA:15,3
DA:16,2
DA:17,2
DA:18,2
DA:19,2
DA:20,2
DA:21,2
DA:24,1
DA:29,2
DA:31,2
DA:33,1
DA:34,2
DA:38,2
DA:39,1
DA:40,0
DA:41,1
DA:42,3
DA:46,1
DA:51,2
DA:53,3
DA:55,1
DA:56,2
DA:59,2
DA:60,1
DA:61,0
DA:62,1
DA:63,3
DA:67,1
DA:72,2
DA:75,3
DA:77,1
DA:78,2
DA:82,2
DA:83,1
DA:84,0
DA:85,1
DA:86,3
DA:90,1
DA:95,2
DA:98,3
DA:100,1
DA:101,2
DA:105,2
DA:106,1
DA:107,0
DA:108,1
DA:109,3
DA:113,1
DA:118,2
DA:120,2
DA:121,1
DA:123,1
DA:124,2
DA:128,2
DA:129,1
DA:130,0
DA:131,1
DA:132,3
DA:136,1
DA:141,2
DA:143,1
DA:144,2
DA:146,2
DA:150,2
DA:152,1
DA:153,2
DA:157,2
DA:158,0
DA:159,0
DA:160,0
DA:161,0
LF:71
LH:62
end_of_record
SF:lib/src/features/about/bloc/about_bloc.dart
DA:11,3
DA:12,2
DA:15,1
DA:20,2
DA:21,2
DA:22,2
DA:24,1
DA:25,1
DA:26,2
LF:9
LH:9
end_of_record
SF:lib/src/features/about/bloc/about_state.dart
DA:10,1
DA:18,1
LF:2
LH:2
end_of_record
SF:lib/src/features/auth/bloc/auth_bloc.dart
DA:12,3
DA:13,2
DA:16,1
DA:21,2
DA:23,2
DA:24,1
DA:27,1
DA:28,1
DA:29,1
DA:36,2
DA:37,1
DA:38,1
DA:39,1
DA:40,2
DA:43,1
DA:44,1
DA:45,1
DA:46,1
LF:18
LH:18
end_of_record
SF:lib/src/features/auth/bloc/auth_event.dart
DA:8,1
LF:1
LH:1
end_of_record
SF:lib/src/features/auth/bloc/auth_state.dart
DA:14,1
LF:1
LH:1
end_of_record
SF:lib/src/features/book_detail/bloc/book_detail_event.dart
DA:8,1
DA:16,1
DA:24,1
LF:3
LH:3
end_of_record
SF:lib/src/features/book_detail/bloc/book_detail_state.dart
DA:10,1
DA:18,1
LF:2
LH:2
end_of_record
SF:lib/src/features/book_detail/bloc/book_detail_bloc.dart
DA:14,1
DA:16,2
DA:17,2
DA:18,2
DA:19,2
DA:22,1
DA:27,2
DA:30,3
DA:32,2
DA:33,1
DA:34,2
DA:35,2
DA:38,2
DA:39,2
DA:44,1
DA:49,2
DA:52,3
DA:54,1
DA:55,1
DA:56,1
DA:60,2
DA:61,1
DA:62,2
DA:63,2
DA:66,2
DA:67,2
DA:72,1
DA:77,2
DA:79,3
DA:81,1
DA:82,1
DA:83,1
DA:85,2
DA:91,3
DA:92,1
DA:93,1
DA:94,1
DA:100,2
DA:102,1
DA:103,2
DA:104,2
DA:107,2
DA:108,2
LF:43
LH:43
end_of_record
SF:lib/src/core/helpers/book_status/book_status_extension.dart
DA:7,0
DA:9,0
DA:10,0
DA:11,0
DA:15,1
DA:17,1
DA:18,2
DA:19,2
LF:8
LH:4
end_of_record
SF:lib/src/features/book_detail/views/widgets/book_pages_reading_time/bloc/book_pages_reading_time_bloc.dart
DA:13,1
DA:15,2
DA:16,2
DA:19,1
DA:24,2
DA:27,2
DA:29,1
DA:30,1
DA:34,1
DA:35,1
DA:36,1
DA:37,1
DA:40,1
DA:41,1
DA:42,1
DA:43,1
LF:16
LH:16
end_of_record
SF:lib/src/features/book_detail/views/widgets/book_pages_reading_time/bloc/book_pages_reading_time_state.dart
DA:11,1
DA:19,1
LF:2
LH:2
end_of_record
SF:lib/src/features/book_on_bookcase_detail/bloc/book_on_bookcase_detail_event.dart
DA:8,1
DA:17,1
LF:2
LH:2
end_of_record
SF:lib/src/features/book_on_bookcase_detail/bloc/book_on_bookcase_detail_state.dart
DA:11,1
DA:22,1
LF:2
LH:2
end_of_record
SF:lib/src/features/book_on_bookcase_detail/bloc/book_on_bookcase_detail_bloc.dart
DA:12,1
DA:14,2
DA:15,2
DA:16,2
DA:19,1
DA:24,2
DA:26,2
DA:27,1
DA:30,1
DA:31,1
DA:35,1
DA:36,1
DA:37,1
DA:38,2
DA:40,1
DA:41,1
DA:42,2
DA:47,1
DA:52,2
DA:54,2
DA:55,1
DA:56,1
DA:59,1
DA:60,1
DA:61,1
DA:67,2
DA:68,1
DA:69,1
DA:70,1
DA:71,2
DA:73,1
DA:74,1
DA:75,2
LF:33
LH:33
end_of_record
SF:lib/src/features/bookcase/bloc/bookcase_state.dart
DA:10,1
DA:20,1
LF:2
LH:2
end_of_record
SF:lib/src/features/bookcase/bloc/bookcase_bloc.dart
DA:16,1
DA:19,2
DA:20,2
DA:21,2
DA:22,2
DA:25,1
DA:30,2
DA:32,1
DA:33,1
DA:34,4
DA:35,1
DA:36,3
DA:40,1
DA:45,2
DA:47,2
DA:48,1
DA:49,4
DA:50,1
DA:51,3
DA:55,1
DA:60,2
DA:62,1
DA:64,2
DA:65,2
DA:66,2
DA:68,2
DA:69,1
DA:70,1
DA:77,1
DA:78,1
DA:79,4
DA:80,1
DA:81,3
DA:85,1
DA:86,2
DA:88,1
DA:89,2
DA:93,1
DA:96,1
DA:98,2
DA:100,1
DA:101,2
DA:105,1
DA:108,1
DA:112,1
DA:114,2
DA:115,1
DA:116,1
DA:117,3
DA:122,2
DA:123,1
DA:129,2
DA:132,1
DA:137,1
DA:140,2
LF:55
LH:55
end_of_record
SF:lib/src/features/bookcase/bloc/bookcase_event.dart
DA:10,1
DA:18,1
LF:2
LH:2
end_of_record
SF:lib/src/core/dtos/bookcase_dto.dart
DA:7,2
DA:12,0
DA:16,0
DA:17,0
DA:18,0
DA:22,0
DA:24,0
DA:26,0
DA:30,0
DA:31,0
DA:34,0
DA:35,0
LF:12
LH:1
end_of_record
SF:lib/src/features/bookcase_books_insertion/bloc/bookcase_books_insertion_state.dart
DA:12,1
DA:21,1
DA:33,1
LF:3
LH:3
end_of_record
SF:lib/src/features/bookcase_books_insertion/bloc/bookcase_books_insertion_event.dart
DA:9,1
DA:16,1
LF:2
LH:2
end_of_record
SF:lib/src/features/bookcase_books_insertion/bloc/bookcase_books_insertion_bloc.dart
DA:15,1
DA:18,2
DA:19,2
DA:20,2
DA:23,1
DA:28,2
DA:30,2
DA:32,1
DA:33,1
DA:34,1
DA:42,1
DA:43,2
DA:46,1
DA:47,2
DA:48,1
DA:49,4
DA:56,1
DA:57,1
DA:58,1
DA:61,1
DA:66,1
DA:67,2
DA:68,2
DA:69,1
DA:70,2
DA:71,1
DA:75,1
DA:80,2
DA:82,1
DA:84,2
DA:85,2
DA:86,1
DA:87,1
DA:90,1
DA:91,1
DA:92,1
DA:93,2
DA:100,2
DA:101,1
DA:102,2
DA:103,2
DA:104,1
DA:105,2
DA:106,1
LF:44
LH:44
end_of_record
SF:lib/src/features/bookcase_insertion/bloc/bookcase_insertion_event.dart
DA:11,1
DA:24,1
LF:2
LH:2
end_of_record
SF:lib/src/features/bookcase_insertion/bloc/bookcase_insertion_bloc.dart
DA:14,1
DA:16,2
DA:17,2
DA:18,2
DA:21,1
DA:26,2
DA:28,1
DA:29,1
DA:30,1
DA:31,1
DA:35,2
DA:37,1
DA:38,2
DA:43,2
DA:45,1
DA:46,2
DA:47,2
DA:48,1
DA:49,2
DA:50,1
DA:54,1
DA:59,2
DA:61,1
DA:62,1
DA:63,1
DA:64,1
DA:65,1
DA:68,2
DA:72,1
DA:73,1
DA:74,1
DA:81,2
DA:83,1
DA:84,2
DA:85,2
DA:86,1
DA:87,2
DA:88,1
LF:38
LH:38
end_of_record
SF:lib/src/features/bookcase_insertion/bloc/bookcase_insertion_state.dart
DA:11,1
DA:17,1
LF:2
LH:2
end_of_record
SF:lib/src/features/bookcase_detail/bloc/bookcase_detail_bloc.dart
DA:16,1
DA:19,2
DA:20,2
DA:21,2
DA:22,2
DA:25,1
DA:30,2
DA:32,2
DA:33,1
DA:34,1
DA:35,1
DA:36,2
DA:39,1
DA:40,1
DA:41,1
DA:46,1
DA:49,2
DA:52,3
DA:54,2
DA:55,2
DA:60,2
DA:61,1
DA:62,1
DA:63,1
DA:64,2
DA:67,1
DA:68,1
DA:69,1
DA:74,1
DA:79,2
DA:81,1
DA:83,2
DA:84,2
DA:85,2
DA:87,2
DA:88,2
DA:89,2
DA:94,2
DA:95,1
DA:96,1
DA:97,1
DA:98,2
DA:101,1
DA:102,1
DA:103,1
DA:108,1
DA:112,1
DA:113,1
DA:115,1
DA:116,2
DA:120,1
DA:122,2
DA:123,2
DA:124,1
DA:127,1
DA:130,2
LF:56
LH:56
end_of_record
SF:lib/src/features/bookcase_detail/bloc/bookcase_detail_event.dart
DA:9,1
DA:17,1
DA:26,1
LF:3
LH:3
end_of_record
SF:lib/src/features/bookcase_detail/bloc/bookcase_detail_state.dart
DA:13,1
DA:21,1
LF:2
LH:2
end_of_record
SF:lib/src/features/books_picker/views/widgets/book_on_bookcase_picker/bloc/book_on_bookcase_picker_event.dart
DA:8,1
LF:1
LH:1
end_of_record
SF:lib/src/features/books_picker/views/widgets/book_on_bookcase_picker/bloc/book_on_bookcase_picker_bloc.dart
DA:15,1
DA:18,2
DA:19,2
DA:22,1
DA:27,2
DA:29,1
DA:30,2
DA:32,1
DA:33,2
DA:37,1
DA:39,2
DA:40,2
DA:41,1
DA:44,2
DA:45,1
DA:49,1
DA:50,0
DA:54,2
DA:55,1
DA:56,1
DA:57,1
DA:58,2
DA:61,1
DA:62,1
DA:63,1
LF:25
LH:24
end_of_record
SF:lib/src/features/books_picker/views/widgets/book_on_bookcase_picker/bloc/book_on_bookcase_picker_state.dart
DA:13,1
DA:21,1
LF:2
LH:2
end_of_record
SF:lib/src/features/books_picker/views/widgets/bookcase_picker/bloc/bookcase_picker_bloc.dart
DA:16,1
DA:19,2
DA:20,2
DA:23,1
DA:28,2
DA:30,2
DA:32,1
DA:33,2
DA:37,1
DA:39,2
DA:40,1
DA:43,1
DA:44,1
DA:45,2
DA:50,2
DA:57,2
DA:60,1
DA:65,1
DA:68,1
DA:69,0
DA:73,2
DA:74,1
DA:75,2
DA:76,2
DA:77,1
DA:78,3
LF:26
LH:25
end_of_record
SF:lib/src/features/books_picker/views/widgets/bookcase_picker/bloc/bookcase_picker_state.dart
DA:12,1
DA:19,1
LF:2
LH:2
end_of_record
SF:lib/src/features/books_picker/views/widgets/separate_books_picker/bloc/separate_books_picker_state.dart
DA:12,1
DA:20,1
LF:2
LH:2
end_of_record
SF:lib/src/features/books_picker/views/widgets/separate_books_picker/bloc/separate_books_picker_bloc.dart
DA:13,1
DA:14,2
DA:15,2
DA:18,1
DA:22,2
DA:24,2
DA:26,1
DA:27,2
DA:32,5
DA:34,1
DA:35,2
DA:39,2
DA:40,1
DA:41,2
DA:42,2
DA:43,1
DA:44,3
LF:17
LH:17
end_of_record
SF:lib/src/features/contacts_picker/bloc/contacts_picker_state.dart
DA:12,1
DA:20,1
LF:2
LH:2
end_of_record
SF:lib/src/features/contacts_picker/bloc/contacts_picker_bloc.dart
DA:12,1
DA:13,2
DA:14,2
DA:17,1
DA:22,2
DA:24,2
DA:25,1
DA:26,4
DA:30,1
DA:31,1
DA:38,1
DA:39,2
DA:43,2
DA:45,1
DA:46,1
DA:47,1
LF:16
LH:16
end_of_record
SF:lib/src/core/models/contact_model.dart
DA:9,2
DA:16,0
DA:22,0
DA:23,0
DA:24,0
DA:25,0
DA:26,0
DA:30,0
DA:32,0
DA:35,0
DA:39,0
DA:40,0
DA:41,0
DA:42,0
DA:45,0
DA:47,0
LF:16
LH:1
end_of_record
SF:lib/src/features/loan/bloc/loan_bloc.dart
DA:17,1
DA:21,2
DA:22,2
DA:23,2
DA:26,1
DA:31,2
DA:33,2
DA:35,1
DA:36,2
DA:40,1
DA:41,0
DA:42,0
DA:43,0
DA:44,0
DA:48,1
DA:53,2
DA:55,2
DA:56,1
DA:59,1
DA:60,2
DA:64,1
DA:65,1
DA:66,4
DA:67,1
DA:68,3
DA:72,1
DA:76,1
DA:78,2
DA:79,1
DA:80,1
DA:81,3
DA:86,2
DA:87,1
DA:90,2
DA:91,1
DA:94,1
DA:96,1
DA:97,1
DA:101,1
DA:104,2
LF:40
LH:36
end_of_record
SF:lib/src/features/loan/bloc/loan_state.dart
DA:14,1
DA:20,1
LF:2
LH:2
end_of_record
SF:lib/src/features/loan/bloc/loan_event.dart
DA:10,1
LF:1
LH:1
end_of_record
SF:lib/src/core/dtos/loan_dto.dart
DA:10,2
DA:17,0
DA:19,0
DA:25,0
DA:26,0
DA:27,0
DA:28,0
DA:29,0
DA:33,0
DA:35,0
DA:38,0
DA:42,0
DA:43,0
DA:44,0
DA:45,0
DA:48,0
DA:50,0
DA:51,0
DA:52,0
DA:53,0
DA:56,0
DA:57,0
DA:63,0
LF:23
LH:1
end_of_record
SF:lib/src/features/contacts_picker/bloc/contacts_picker_event.dart
LF:0
LH:0
end_of_record
SF:lib/src/features/loan_detail/bloc/loan_detail_state.dart
DA:10,1
DA:20,1
LF:2
LH:2
end_of_record
SF:lib/src/features/loan_detail/bloc/loan_detail_event.dart
DA:8,1
DA:17,1
LF:2
LH:2
end_of_record
SF:lib/src/features/loan_detail/bloc/loan_detail_bloc.dart
DA:19,1
DA:24,2
DA:25,2
DA:26,2
DA:29,1
DA:34,2
DA:36,3
DA:37,3
DA:38,3
DA:40,1
DA:43,1
DA:44,1
DA:47,1
DA:48,1
DA:52,1
DA:53,1
DA:54,3
DA:57,1
DA:58,2
DA:63,1
DA:68,2
DA:70,3
DA:71,2
DA:72,1
DA:74,1
DA:75,1
DA:76,1
DA:82,3
DA:84,1
DA:85,1
DA:86,1
DA:91,2
DA:92,1
DA:93,1
DA:94,3
DA:97,1
DA:98,2
LF:37
LH:37
end_of_record
SF:lib/src/core/models/custom_notification_model.dart
DA:5,0
DA:7,0
DA:8,0
DA:12,0
DA:14,0
DA:15,0
DA:19,0
DA:21,0
DA:23,0
DA:28,0
DA:31,0
DA:32,0
DA:45,2
DA:54,0
DA:62,0
DA:63,0
DA:64,0
DA:65,0
DA:66,0
DA:67,0
DA:68,0
DA:72,0
DA:74,0
DA:77,0
DA:81,0
DA:82,0
DA:83,0
DA:84,0
DA:85,0
DA:86,0
DA:89,0
DA:91,0
DA:92,0
DA:93,0
DA:94,0
DA:95,0
DA:96,0
LF:37
LH:1
end_of_record
SF:lib/src/features/loan_insertion/bloc/loan_insertion_bloc.dart
DA:19,1
DA:23,2
DA:24,2
DA:27,1
DA:32,2
DA:34,2
DA:35,1
DA:39,1
DA:40,1
DA:41,1
DA:49,1
DA:50,1
DA:51,1
DA:52,1
DA:53,1
DA:54,1
DA:57,2
DA:59,1
DA:60,1
DA:61,1
DA:68,1
DA:70,1
DA:71,1
DA:72,1
DA:73,1
DA:76,1
DA:77,1
DA:81,1
DA:82,2
DA:83,2
DA:84,1
DA:85,2
DA:86,1
DA:90,1
DA:97,1
DA:101,4
DA:107,2
LF:37
LH:37
end_of_record
SF:lib/src/features/loan_insertion/bloc/loan_insertion_event.dart
DA:14,1
LF:1
LH:1
end_of_record
SF:lib/src/features/loan_insertion/bloc/loan_insertion_state.dart
DA:10,1
DA:18,1
LF:2
LH:2
end_of_record
SF:lib/src/features/my_books/bloc/my_books_state.dart
DA:12,1
DA:20,1
LF:2
LH:2
end_of_record
SF:lib/src/features/my_books/bloc/my_books_bloc.dart
DA:13,3
DA:14,2
DA:15,2
DA:18,1
DA:23,2
DA:25,2
DA:27,1
DA:28,2
DA:32,2
DA:33,1
DA:34,4
DA:35,1
DA:36,3
DA:40,1
DA:45,2
DA:47,3
DA:49,1
DA:50,2
DA:54,2
DA:55,1
DA:56,4
DA:57,1
DA:58,3
LF:23
LH:23
end_of_record
SF:lib/src/features/my_books/bloc/my_books_event.dart
DA:10,1
LF:1
LH:1
end_of_record
SF:lib/src/features/notifications/bloc/notifications_state.dart
DA:12,1
DA:20,1
LF:2
LH:2
end_of_record
SF:lib/src/features/notifications/bloc/notifications_bloc.dart
DA:11,1
DA:13,2
DA:14,2
DA:17,1
DA:22,2
DA:24,2
DA:26,1
DA:27,2
DA:31,1
DA:32,1
DA:36,1
DA:37,1
DA:38,1
DA:39,2
LF:14
LH:14
end_of_record
SF:lib/src/features/home/views/home_page.dart
DA:10,1
DA:12,1
DA:13,1
DA:21,1
DA:23,1
DA:24,2
DA:25,1
DA:26,3
DA:28,3
DA:29,3
DA:33,1
DA:35,2
DA:36,1
DA:39,0
DA:40,0
DA:41,0
DA:44,1
DA:46,1
DA:49,2
DA:51,1
DA:52,1
DA:53,1
DA:56,3
DA:60,3
DA:62,1
DA:64,1
DA:70,0
DA:71,0
DA:73,0
DA:74,0
DA:76,0
DA:77,0
DA:79,0
DA:80,0
DA:82,0
DA:83,0
DA:85,0
DA:86,0
DA:92,1
DA:94,1
DA:96,1
DA:97,0
DA:98,3
DA:99,1
DA:100,1
DA:101,1
DA:102,1
DA:104,1
DA:110,1
DA:112,1
DA:113,1
DA:117,1
DA:118,1
DA:119,1
DA:120,0
DA:121,0
DA:123,1
LF:57
LH:39
end_of_record
SF:lib/src/core/services/app_services/launcher_service/launcher_service.dart
DA:4,0
DA:6,0
DA:8,0
DA:17,0
DA:21,0
DA:23,0
DA:24,0
DA:27,0
DA:28,0
DA:40,0
LF:10
LH:0
end_of_record
SF:lib/src/core/services/app_services/show_dialog_service/show_dialog_service.dart
DA:8,0
DA:10,0
DA:17,0
DA:25,0
DA:30,0
DA:31,0
DA:32,0
DA:38,0
DA:39,0
DA:40,0
DA:47,0
DA:49,0
DA:50,0
DA:53,0
DA:54,0
DA:55,0
DA:57,0
DA:60,0
DA:65,0
DA:66,0
DA:68,0
DA:71,0
DA:84,0
DA:88,0
DA:90,0
DA:98,0
DA:99,0
DA:100,0
DA:102,0
DA:106,0
DA:108,0
DA:109,0
DA:110,0
DA:112,0
DA:113,0
DA:115,0
DA:121,0
DA:123,0
DA:124,0
DA:127,0
LF:40
LH:0
end_of_record
SF:lib/src/core/services/app_services/snackbar_service/snackbar_service.dart
DA:10,0
DA:12,0
DA:13,0
DA:14,0
DA:15,0
DA:19,0
DA:21,0
DA:22,0
DA:23,0
DA:24,0
DA:30,0
DA:36,0
DA:40,0
DA:41,0
DA:42,0
DA:43,0
DA:46,0
DA:49,0
DA:54,0
DA:55,0
DA:56,0
DA:60,0
DA:73,0
DA:74,0
DA:75,0
LF:25
LH:0
end_of_record
SF:lib/src/features/book_detail/views/book_detail_page.dart
DA:18,0
DA:23,0
DA:24,0
DA:50,0
DA:52,0
DA:54,0
DA:55,0
DA:57,0
DA:58,0
DA:61,0
DA:64,0
DA:66,0
DA:67,0
DA:71,0
DA:72,0
DA:73,0
DA:77,0
DA:79,0
DA:81,0
DA:82,0
DA:86,0
DA:91,0
DA:93,0
DA:96,0
DA:98,0
DA:101,0
DA:103,0
DA:104,0
DA:105,0
DA:106,0
DA:108,0
DA:116,0
DA:119,0
DA:121,0
DA:123,0
DA:132,0
DA:133,0
DA:134,0
DA:135,0
DA:136,0
DA:137,0
DA:138,0
DA:139,0
DA:140,0
DA:144,0
DA:148,0
DA:150,0
DA:152,0
DA:154,0
DA:156,0
DA:158,0
DA:159,0
DA:160,0
DA:161,0
DA:162,0
DA:163,0
DA:165,0
DA:166,0
DA:167,0
DA:168,0
DA:172,0
DA:173,0
DA:175,0
DA:177,0
DA:182,0
DA:189,0
DA:190,0
DA:191,0
DA:193,0
DA:194,0
DA:195,0
DA:196,0
DA:205,0
DA:206,0
DA:207,0
DA:211,0
DA:213,0
DA:214,0
DA:215,0
DA:217,0
DA:218,0
DA:223,0
DA:224,0
DA:229,0
DA:232,0
DA:233,0
DA:234,0
DA:235,0
DA:237,0
DA:238,0
DA:242,0
DA:243,0
DA:247,0
DA:249,0
DA:250,0
DA:251,0
DA:253,0
DA:254,0
DA:261,0
DA:262,0
DA:264,0
DA:270,0
DA:272,0
DA:273,0
DA:274,0
DA:275,0
DA:276,0
DA:278,0
DA:288,0
DA:291,0
DA:292,0
DA:293,0
DA:294,0
DA:295,0
DA:297,0
DA:303,0
DA:304,0
DA:305,0
DA:310,0
DA:311,0
DA:314,0
DA:315,0
DA:316,0
DA:318,0
DA:324,0
DA:325,0
DA:326,0
DA:328,0
DA:329,0
LF:129
LH:0
end_of_record
SF:lib/src/shared/widgets/book_widget/book_widget.dart
DA:13,1
DA:23,0
DA:33,1
DA:35,2
DA:37,1
DA:38,1
DA:39,1
DA:40,1
DA:41,0
DA:42,0
DA:43,0
DA:44,0
DA:45,0
DA:46,0
DA:47,0
DA:55,0
DA:57,0
DA:59,0
DA:69,1
DA:70,0
DA:72,0
LF:21
LH:8
end_of_record
SF:lib/src/features/book_detail/views/widgets/book_description/book_description_widget.dart
DA:7,0
DA:10,0
DA:12,0
DA:13,0
DA:14,0
DA:15,0
DA:18,0
DA:20,0
DA:21,0
DA:22,0
DA:23,0
DA:24,0
LF:12
LH:0
end_of_record
SF:lib/src/features/book_detail/views/widgets/book_pages_reading_time/widgets/book_pages_reading_time.dart
DA:10,0
DA:15,0
DA:16,0
DA:22,0
DA:24,0
DA:25,0
DA:26,0
DA:27,0
DA:31,0
DA:36,0
DA:38,0
DA:39,0
DA:41,0
DA:42,0
DA:45,0
DA:46,0
DA:50,0
DA:54,0
DA:55,0
DA:62,0
DA:64,0
DA:65,0
DA:66,0
LF:23
LH:0
end_of_record
SF:lib/src/shared/widgets/center_circular_progress_indicator/center_circular_progress_indicator.dart
DA:6,1
DA:11,2
DA:13,2
DA:14,2
LF:4
LH:4
end_of_record
SF:lib/src/features/book_detail/views/widgets/book_rating/book_rating.dart
DA:10,0
DA:16,0
DA:18,0
DA:20,0
DA:21,0
DA:22,0
DA:23,0
DA:25,0
DA:28,0
DA:31,0
DA:32,0
DA:34,0
DA:35,0
DA:37,0
DA:38,0
LF:15
LH:0
end_of_record
SF:lib/src/shared/widgets/bookify_rating/bookify_rating_widget.dart
DA:13,0
DA:24,0
DA:27,0
DA:29,0
DA:30,0
DA:33,0
DA:36,0
DA:39,0
DA:45,0
DA:47,0
DA:48,0
DA:49,0
DA:51,0
DA:52,0
DA:54,0
DA:55,0
LF:16
LH:0
end_of_record
SF:lib/src/shared/widgets/item_state_widget/info_item_state_widget/info_item_state_widget.dart
DA:11,0
DA:19,1
DA:27,1
DA:34,1
DA:36,1
DA:37,1
DA:38,1
DA:40,1
DA:42,1
DA:43,1
DA:44,1
DA:57,1
DA:58,1
DA:68,1
DA:69,1
DA:71,1
LF:16
LH:15
end_of_record
SF:lib/src/features/home/widgets/animated_search_bar/animated_search_bar.dart
DA:17,1
DA:23,1
DA:24,1
DA:31,0
DA:32,0
DA:35,1
DA:36,1
DA:37,3
DA:38,0
DA:39,0
DA:40,0
DA:42,0
DA:43,0
DA:45,0
DA:48,4
DA:51,1
DA:53,3
DA:54,1
DA:56,1
DA:58,1
DA:59,1
DA:61,2
DA:62,0
DA:63,0
DA:64,0
DA:66,0
DA:67,0
DA:69,0
DA:73,1
DA:77,1
DA:78,1
DA:79,2
DA:80,1
DA:81,2
DA:82,1
DA:83,1
DA:84,1
DA:88,1
DA:94,1
DA:96,1
DA:97,0
DA:98,0
DA:99,0
DA:100,0
DA:103,1
DA:104,1
DA:105,1
DA:110,1
DA:114,1
DA:116,1
DA:124,1
DA:125,1
DA:128,1
DA:129,1
DA:131,1
DA:133,1
DA:134,1
DA:135,1
DA:136,2
DA:141,1
DA:142,1
DA:144,1
DA:145,1
DA:146,1
DA:150,1
DA:152,1
DA:153,1
DA:154,1
DA:158,1
DA:160,1
DA:161,1
DA:162,1
DA:166,1
DA:168,1
DA:169,1
DA:170,1
DA:174,1
DA:176,1
DA:177,1
DA:178,1
DA:183,1
DA:184,0
DA:185,0
DA:186,0
DA:187,0
LF:85
LH:63
end_of_record
SF:lib/src/shared/constants/icons/bookify_icons.dart
DA:12,0
LF:1
LH:0
end_of_record
SF:lib/src/features/home/widgets/book_loaded_state_widget/books_loaded_state_widget.dart
DA:9,1
DA:14,1
DA:16,1
DA:19,1
DA:21,1
DA:22,0
LF:6
LH:5
end_of_record
SF:lib/src/shared/widgets/list/grid_view/books_grid_view.dart
DA:11,1
DA:19,1
DA:21,1
DA:22,1
DA:23,1
DA:25,1
DA:26,1
DA:27,2
DA:28,1
DA:30,2
DA:32,1
DA:33,1
DA:35,1
DA:36,3
DA:37,1
DA:38,1
DA:40,0
DA:41,1
DA:43,3
LF:19
LH:18
end_of_record
SF:lib/src/shared/constants/images/bookify_images.dart
DA:7,0
LF:1
LH:0
end_of_record
SF:lib/src/shared/widgets/buttons/bookify_elevated_button.dart
DA:10,0
DA:19,1
DA:28,1
DA:30,1
DA:32,1
DA:33,3
DA:34,1
DA:35,1
DA:36,1
DA:37,1
DA:38,0
DA:39,0
DA:40,0
DA:44,2
DA:45,1
DA:46,1
DA:50,0
DA:51,0
DA:52,0
DA:53,0
DA:54,0
DA:55,0
DA:59,0
DA:60,0
LF:24
LH:12
end_of_record
SF:lib/src/shared/widgets/buttons/bookify_outlined_button.dart
DA:10,0
DA:19,1
DA:28,1
DA:30,1
DA:32,1
DA:33,3
DA:34,1
DA:35,1
DA:36,1
DA:37,1
DA:38,0
DA:39,0
DA:40,0
DA:42,0
DA:43,0
DA:45,0
DA:48,0
DA:51,2
DA:52,1
DA:53,1
DA:55,1
DA:56,1
DA:60,0
DA:61,0
DA:62,0
DA:63,0
DA:64,0
DA:65,0
DA:67,0
DA:68,0
DA:70,0
DA:73,0
DA:76,0
DA:77,0
DA:79,0
DA:80,0
LF:36
LH:14
end_of_record
SF:lib/src/features/profile/bloc/profile_state.dart
DA:10,1
DA:20,1
LF:2
LH:2
end_of_record
SF:lib/src/features/profile/bloc/profile_bloc.dart
DA:14,1
DA:17,2
DA:18,2
DA:19,2
DA:22,1
DA:27,2
DA:29,2
DA:32,1
DA:33,1
DA:40,1
DA:41,1
DA:45,1
DA:46,2
DA:47,2
DA:48,1
DA:49,1
DA:50,1
DA:51,1
DA:57,1
DA:62,2
DA:64,2
DA:65,2
DA:69,1
DA:70,1
DA:77,2
DA:79,1
DA:80,1
DA:81,1
DA:88,2
DA:89,1
DA:90,2
DA:91,2
DA:92,1
DA:93,1
DA:94,1
DA:95,1
LF:36
LH:36
end_of_record
SF:lib/src/features/profile/bloc/profile_event.dart
DA:10,1
LF:1
LH:1
end_of_record
SF:lib/src/features/profile/views/widgets/user_information_row/bloc/user_information_bloc.dart
DA:18,1
DA:23,2
DA:24,2
DA:27,1
DA:32,2
DA:34,2
DA:35,2
DA:36,2
DA:37,2
DA:39,1
DA:40,1
DA:47,1
DA:48,1
DA:49,1
DA:50,2
DA:52,1
DA:53,1
DA:54,2
LF:18
LH:18
end_of_record
SF:lib/src/features/profile/views/widgets/user_information_row/bloc/user_information_state.dart
DA:13,1
DA:24,1
LF:2
LH:2
end_of_record
SF:lib/src/features/programming_reading/bloc/programming_reading_state.dart
DA:10,1
DA:23,1
LF:2
LH:2
end_of_record
SF:lib/src/features/programming_reading/bloc/programming_reading_bloc.dart
DA:17,1
DA:20,2
DA:21,2
DA:22,2
DA:23,2
DA:26,1
DA:31,2
DA:33,2
DA:35,1
DA:36,1
DA:40,1
DA:41,1
DA:42,1
DA:43,1
DA:46,1
DA:47,1
DA:48,1
DA:49,1
DA:55,1
DA:60,2
DA:62,1
DA:65,2
DA:69,1
DA:70,1
DA:71,1
DA:78,2
DA:79,1
DA:82,1
DA:83,1
DA:84,2
DA:85,2
DA:86,2
DA:87,1
DA:88,1
DA:93,2
DA:94,1
DA:95,1
DA:96,1
DA:97,1
DA:100,1
DA:101,1
DA:102,1
DA:103,1
DA:109,1
DA:114,2
DA:116,2
DA:117,1
DA:120,2
DA:121,1
DA:122,1
DA:123,1
DA:124,1
LF:52
LH:52
end_of_record
SF:lib/src/features/programming_reading/bloc/programming_reading_event.dart
DA:10,1
LF:1
LH:1
end_of_record
SF:lib/src/features/reading_page_timer/bloc/reading_page_timer_bloc.dart
DA:13,1
DA:15,2
DA:16,2
DA:19,1
DA:24,2
DA:26,1
DA:27,1
DA:31,2
DA:35,1
DA:36,1
DA:37,1
DA:44,2
DA:45,1
DA:46,1
DA:47,1
DA:48,1
DA:51,1
DA:52,1
DA:53,1
DA:54,1
LF:20
LH:20
end_of_record
SF:lib/src/features/reading_page_timer/bloc/reading_page_timer_event.dart
DA:8,1
LF:1
LH:1
end_of_record
SF:lib/src/features/reading_page_timer/bloc/reading_page_timer_state.dart
DA:12,1
LF:1
LH:1
end_of_record
SF:lib/src/features/readings/bloc/readings_state.dart
DA:14,1
DA:20,1
LF:2
LH:2
end_of_record
SF:lib/src/features/readings/bloc/readings_bloc.dart
DA:15,1
DA:18,2
DA:19,2
DA:20,2
DA:23,1
DA:28,2
DA:30,2
DA:32,1
DA:33,2
DA:37,1
DA:38,1
DA:39,4
DA:40,1
DA:41,3
DA:45,1
DA:50,2
DA:52,2
DA:53,1
DA:56,1
DA:57,2
DA:61,1
DA:62,1
DA:63,4
DA:64,1
DA:65,3
DA:69,1
DA:73,1
DA:75,2
DA:76,1
DA:77,1
DA:78,3
DA:82,3
DA:84,1
DA:89,1
DA:92,2
LF:35
LH:35
end_of_record
SF:lib/src/features/readings/bloc/readings_event.dart
DA:10,1
LF:1
LH:1
end_of_record
SF:lib/src/core/dtos/reading_dto.dart
DA:8,1
DA:13,0
DA:14,0
DA:16,0
DA:20,0
DA:21,0
DA:22,0
DA:26,0
DA:27,0
DA:29,0
DA:33,0
DA:36,0
DA:37,0
LF:13
LH:1
end_of_record
SF:lib/src/features/readings_detail/bloc/readings_detail_event.dart
DA:8,1
DA:17,1
LF:2
LH:2
end_of_record
SF:lib/src/features/readings_detail/bloc/readings_detail_state.dart
DA:14,1
LF:1
LH:1
end_of_record
SF:lib/src/features/readings_detail/bloc/readings_detail_bloc.dart
DA:16,1
DA:19,2
DA:20,2
DA:21,2
DA:24,1
DA:29,2
DA:31,2
DA:32,1
DA:35,1
DA:36,1
DA:37,1
DA:42,2
DA:43,1
DA:44,1
DA:45,1
DA:46,2
DA:50,1
DA:51,1
DA:52,1
DA:58,1
DA:63,2
DA:65,2
DA:66,1
DA:70,1
DA:71,1
DA:72,1
DA:77,2
DA:78,1
DA:81,1
DA:82,1
DA:83,1
DA:88,2
DA:89,1
DA:90,1
DA:91,1
DA:92,2
DA:96,1
DA:97,1
DA:98,1
LF:39
LH:39
end_of_record
SF:lib/src/features/readings_insertion/bloc/readings_insertion_event.dart
DA:9,1
LF:1
LH:1
end_of_record
SF:lib/src/features/readings_insertion/bloc/readings_insertion_state.dart
DA:12,1
LF:1
LH:1
end_of_record
SF:lib/src/features/readings_insertion/bloc/readings_insertion_bloc.dart
DA:16,1
DA:19,2
DA:20,2
DA:23,1
DA:28,2
DA:30,1
DA:32,2
DA:33,1
DA:37,1
DA:38,1
DA:39,1
DA:47,2
DA:48,1
DA:51,1
DA:52,1
DA:53,1
DA:60,2
DA:61,1
DA:63,1
DA:67,1
DA:68,1
DA:69,1
DA:76,2
DA:77,1
DA:78,2
DA:79,2
DA:80,1
DA:81,2
DA:82,1
LF:29
LH:29
end_of_record
SF:lib/src/features/readings_timer/bloc/readings_timer_state.dart
DA:12,1
DA:20,1
LF:2
LH:2
end_of_record
SF:lib/src/features/readings_timer/bloc/readings_timer_bloc.dart
DA:11,1
DA:12,2
DA:13,2
DA:16,1
DA:21,2
DA:23,2
DA:26,2
DA:30,1
DA:32,1
DA:33,1
DA:37,1
DA:38,1
DA:39,1
DA:40,1
DA:43,1
DA:44,1
DA:45,1
DA:46,1
LF:18
LH:18
end_of_record
SF:lib/src/features/qr_code_scanner/views/qr_code_scanner_page.dart
DA:13,1
DA:15,1
DA:16,1
DA:22,1
DA:24,1
DA:25,1
DA:30,1
DA:32,1
DA:33,1
DA:36,1
DA:37,1
DA:40,1
DA:47,1
DA:48,1
DA:49,1
DA:54,1
DA:55,1
DA:59,1
DA:60,1
DA:61,1
DA:62,1
DA:63,2
DA:65,1
DA:66,1
DA:68,3
DA:69,0
DA:70,1
DA:71,1
DA:72,1
DA:74,1
DA:87,1
DA:88,1
DA:89,1
DA:91,0
DA:96,1
DA:98,2
DA:104,1
DA:107,1
DA:109,1
DA:111,1
DA:115,1
DA:116,3
DA:117,2
LF:43
LH:41
end_of_record
SF:lib/src/core/helpers/size/size_for_small_device_extension.dart
DA:14,3
LF:1
LH:1
end_of_record
SF:lib/src/core/helpers/textfield_unfocus/textfield_unfocus_extension.dart
DA:8,0
DA:23,3
LF:2
LH:1
end_of_record
SF:lib/src/core/services/app_services/lock_screen_orientation_service/lock_screen_orientation_service.dart
DA:5,1
DA:6,1
DA:8,2
DA:16,0
DA:22,1
DA:24,2
LF:6
LH:5
end_of_record
SF:lib/src/core/utils/input_formatter/isbn_input_formatter.dart
DA:17,1
DA:18,1
DA:20,1
DA:21,1
DA:22,1
DA:26,1
DA:32,1
DA:33,2
DA:37,3
DA:39,2
DA:40,0
DA:44,2
DA:45,1
DA:49,1
LF:14
LH:13
end_of_record
SF:lib/src/features/qr_code_scanner/widgets/isbn_manually_text_form_field_widget.dart
DA:9,1
DA:14,1
DA:16,1
DA:24,1
DA:26,2
DA:27,1
DA:30,1
DA:31,3
DA:32,5
DA:36,1
DA:38,1
DA:39,1
DA:41,1
DA:42,1
DA:43,1
DA:46,1
DA:48,1
DA:50,1
DA:51,1
LF:19
LH:19
end_of_record
SF:lib/src/features/qr_code_scanner/widgets/qr_code_scanner_widget.dart
DA:10,1
DA:15,1
DA:16,1
DA:22,1
DA:24,1
DA:26,2
DA:27,1
DA:36,1
DA:38,2
DA:39,1
DA:42,0
DA:43,0
DA:45,0
DA:46,0
DA:47,0
DA:53,1
DA:55,2
DA:57,1
DA:58,1
DA:59,1
DA:60,1
DA:61,1
DA:62,2
DA:63,2
DA:64,1
DA:66,1
DA:68,1
DA:69,1
DA:70,0
DA:72,0
DA:74,0
DA:75,0
DA:76,0
DA:77,0
DA:78,0
DA:79,0
DA:85,1
DA:87,1
DA:92,0
DA:93,0
DA:96,0
DA:97,0
DA:106,1
DA:107,1
DA:108,1
DA:109,2
DA:111,1
DA:112,0
DA:114,0
DA:115,0
DA:116,0
DA:117,0
DA:118,0
DA:121,0
LF:54
LH:30
end_of_record
SF:lib/src/features/qr_code_scanner/widgets/isbn_text_form_field.dart
DA:12,1
DA:18,1
DA:20,1
DA:21,1
DA:22,2
DA:24,1
DA:25,2
DA:29,1
DA:30,1
DA:32,1
DA:33,1
DA:36,1
DA:37,1
DA:38,2
DA:39,2
DA:40,1
DA:42,1
DA:50,2
DA:51,1
DA:54,1
DA:55,1
LF:21
LH:21
end_of_record
SF:lib/src/features/book_detail/views/widgets/book_pages_reading_time/bloc/book_pages_reading_time_event.dart
LF:0
LH:0
end_of_record
